app/build/outputs/logs/manifest-merger-debug-report.txt
-- Merging decision tree log ---
manifest
ADDED from src/main/AndroidManifest.xml:2:1-28:12
	package
		ADDED from src/main/AndroidManifest.xml:3:7-45
		INJECTED from src/main/AndroidManifest.xml
		INJECTED from src/main/AndroidManifest.xml
	android:versionName
		ADDED from src/main/AndroidManifest.xml:5:7-32
	android:versionCode
		ADDED from src/main/AndroidManifest.xml:4:7-30
		INJECTED from src/main/AndroidManifest.xml
		INJECTED from src/main/AndroidManifest.xml
	xmlns:android
		ADDED from src/main/AndroidManifest.xml:2:11-69
application
ADDED from src/main/AndroidManifest.xml:6:5-22:19
	android:label
		ADDED from src/main/AndroidManifest.xml:6:48-80
	android:debuggable
		ADDED from src/main/AndroidManifest.xml:6:81-106
	android:icon
		ADDED from src/main/AndroidManifest.xml:6:18-47
activity#com.jarkman.ASKSimpleAndroid.Main
ADDED from src/main/AndroidManifest.xml:7:9-21:18
	android:label
		ADDED from src/main/AndroidManifest.xml:8:19-51
	android:name
		ADDED from src/main/AndroidManifest.xml:7:19-39
intent-filter#android.intent.action.MAIN+android.intent.category.LAUNCHER
ADDED from src/main/AndroidManifest.xml:9:13-12:29
action#android.intent.action.MAIN
ADDED from src/main/AndroidManifest.xml:10:17-69
	android:name
		ADDED from src/main/AndroidManifest.xml:10:25-66
category#android.intent.category.LAUNCHER
ADDED from src/main/AndroidManifest.xml:11:17-77
	android:name
		ADDED from src/main/AndroidManifest.xml:11:27-74
intent-filter#android.intent.action.SEND+android.intent.category.DEFAULT
ADDED from src/main/AndroidManifest.xml:15:4-19:30
	android:label
		ADDED from src/main/AndroidManifest.xml:15:19-51
action#android.intent.action.SEND
ADDED from src/main/AndroidManifest.xml:16:18-70
	android:name
		ADDED from src/main/AndroidManifest.xml:16:26-67
data
ADDED from src/main/AndroidManifest.xml:17:19-53
	android:mimeType
		ADDED from src/main/AndroidManifest.xml:17:25-50
category#android.intent.category.DEFAULT
ADDED from src/main/AndroidManifest.xml:18:19-78
	android:name
		ADDED from src/main/AndroidManifest.xml:18:29-75
uses-sdk
ADDED from src/main/AndroidManifest.xml:24:5-71
	android:targetSdkVersion
		ADDED from src/main/AndroidManifest.xml:24:15-43
		INJECTED from src/main/AndroidManifest.xml
		INJECTED from src/main/AndroidManifest.xml
	android:minSdkVersion
		ADDED from src/main/AndroidManifest.xml:24:44-69
		INJECTED from src/main/AndroidManifest.xml
		INJECTED from src/main/AndroidManifest.xml
uses-permission#android.permission.RECORD_AUDIO
ADDED from src/main/AndroidManifest.xml:26:1-83
	android:name
		ADDED from src/main/AndroidManifest.xml:26:18-64